{ "msg_showcmd", "sl:1", "tick:70", false, { { 0, ":", 0 } } }
{ "cmdline_show", "sl:1", "tick:71", "mode:c", { { 0, "" } } }
{ "cmdline_show", "sl:1", "tick:74", "mode:c", { { 0, "N" } } }
{ "cmdline_show", "sl:1", "tick:76", "mode:c", { { 0, "No" } } }
{ "cmdline_show", "sl:1", "tick:78", "mode:c", { { 0, "Noi" } } }
{ "cmdline_show", "sl:1", "tick:80", "mode:c", { { 0, "Noic" } } }
{ "cmdline_show", "sl:1", "tick:82", "mode:c", { { 0, "Noice" } } }
{ "cmdline_hide", "sl:1", "tick:84", false, 1 }
{ "msg_showcmd", "sl:1", "tick:85", false, { { 0, "gj", 0 } } }
{ "msg_showcmd", "sl:1", "tick:87", false, { { 0, "gk", 0 } } }
{ "msg_showcmd", "sl:1", "tick:89", false, { { 0, "zz", 0 } } }
{ "msg_showcmd", "sl:1", "tick:91", false, { { 0, "zz", 0 } } }
{ "msg_showcmd", "sl:1", "tick:93", false, { { 0, "zz", 0 } } }
{ "msg_showcmd", "sl:1", "tick:95", false, { { 0, "zz", 0 } } }
{ "msg_showcmd", "sl:1", "tick:97", false, { { 0, "gk", 0 } } }
{ "msg_showcmd", "sl:1", "tick:99", false, { { 0, "gk", 0 } } }
{ "msg_showcmd", "sl:1", "tick:101", false, { { 0, "gk", 0 } } }
{ "msg_showcmd", "sl:1", "tick:103", false, { { 0, "gk", 0 } } }
{ "msg_showcmd", "sl:1", "tick:105", false, { { 0, "zz", 0 } } }
{ "msg_showcmd", "sl:1", "tick:107", false, { { 0, "zz", 0 } } }
{ "msg_showcmd", "sl:1", "tick:109", false, { { 0, "zz", 0 } } }
{ "msg_showcmd", "sl:1", "tick:111", false, { { 0, "zz", 0 } } }
{ "msg_showcmd", "sl:1", "tick:113", false, { { 0, "A", 0 } } }
{ "msg_showcmd", "sl:1", "tick:115", false, { { 0, "zz", 0 } } }
{ "msg_showcmd", "sl:1", "tick:117", false, { { 0, "zz", 0 } } }
{ "msg_showcmd", "sl:1", "tick:119", false, { { 0, "zz", 0 } } }
{ "msg_showcmd", "sl:1", "tick:121", false, { { 0, "zz", 0 } } }
{ "msg_showcmd", "sl:1", "tick:123", false, { { 0, "zz", 0 } } }
{ "msg_showcmd", "sl:1", "tick:125", false, { { 0, "zz", 0 } } }
{ "msg_showcmd", "sl:1", "tick:127", false, { { 0, "zz", 0 } } }
{ "msg_showcmd", "sl:1", "tick:129", false, { { 0, "zz", 0 } } }
{ "msg_showcmd", "sl:1", "tick:131", false, { { 0, "zz", 0 } } }
{ "msg_showcmd", "sl:1", "tick:133", false, { { 0, "zz", 0 } } }
{ "msg_showcmd", "sl:1", "tick:135", false, { { 0, "zz", 0 } } }
{ "msg_showcmd", "sl:1", "tick:137", false, { { 0, "zz", 0 } } }
{ "msg_showcmd", "sl:1", "tick:139", false, { { 0, "zz", 0 } } }
{ "msg_showcmd", "sl:1", "tick:141", false, { { 0, "zz", 0 } } }
{ "msg_showcmd", "sl:1", "tick:143", false, { { 0, "zz", 0 } } }
{ "msg_showcmd", "sl:1", "tick:145", false, { { 0, "zz", 0 } } }
{ "msg_showcmd", "sl:1", "tick:147", false, { { 0, "gj", 0 } } }
{ "msg_showcmd", "sl:1", "tick:149", false, { { 0, "gj", 0 } } }
{ "msg_showcmd", "sl:1", "tick:151", false, { { 0, "gj", 0 } } }
{ "msg_showcmd", "sl:1", "tick:153", false, { { 0, "gj", 0 } } }
{ "msg_showcmd", "sl:1", "tick:155", false, { { 0, "gk", 0 } } }
{ "msg_showcmd", "sl:1", "tick:157", false, { { 0, "o", 0 } } }
{ "msg_showcmd", "sl:1", "tick:159", false, { { 0, ":", 0 } } }
{ "cmdline_show", "sl:1", "tick:160", "mode:c", { { 0, "" } } }
{ "cmdline_show", "sl:1", "tick:163", "mode:c", { { 0, "h" } } }
{ "cmdline_show", "sl:1", "tick:165", "mode:c", { { 0, "h " } } }
{ "cmdline_show", "sl:1", "tick:167", "mode:c", { { 0, "h l" } } }
{ "cmdline_show", "sl:1", "tick:169", "mode:c", { { 0, "h la" } } }
{ "cmdline_show", "sl:1", "tick:171", "mode:c", { { 0, "h laz" } } }
{ "cmdline_show", "sl:1", "tick:173", "mode:c", { { 0, "h lazy" } } }
{ "cmdline_hide", "sl:1", "tick:175", false, 1 }
{ "msg_showcmd", "sl:1", "tick:176", false, { { 0, ":", 0 } } }
{ "cmdline_show", "sl:1", "tick:177", "mode:c", { { 0, "" } } }
{ "cmdline_show", "sl:1", "tick:180", "mode:c", { { 0, "h" } } }
{ "cmdline_show", "sl:1", "tick:182", "mode:c", { { 0, "h " } } }
{ "cmdline_show", "sl:1", "tick:184", "mode:c", { { 0, "h l" } } }
{ "cmdline_show", "sl:1", "tick:186", "mode:c", { { 0, "h la" } } }
{ "cmdline_show", "sl:1", "tick:188", "mode:c", { { 0, "h laz" } } }
{ "cmdline_show", "sl:1", "tick:190", "mode:c", { { 0, "h lazy" } } }
{ "cmdline_show", "sl:1", "tick:192", "mode:c", { { 0, "h laz" } } }
{ "cmdline_show", "sl:1", "tick:194", "mode:c", { { 0, "h la" } } }
{ "cmdline_show", "sl:1", "tick:196", "mode:c", { { 0, "h l" } } }
{ "cmdline_show", "sl:1", "tick:198", "mode:c", { { 0, "h " } } }
{ "cmdline_show", "sl:1", "tick:200", "mode:c", { { 0, "h L" } } }
{ "cmdline_show", "sl:1", "tick:202", "mode:c", { { 0, "h La" } } }
{ "cmdline_show", "sl:1", "tick:204", "mode:c", { { 0, "h Laz" } } }
{ "cmdline_show", "sl:1", "tick:206", "mode:c", { { 0, "h Lazy" } } }
{ "cmdline_hide", "sl:1", "tick:208", false, 1 }
{ "msg_showcmd", "sl:1", "tick:209", false, { { 0, ":", 0 } } }
{ "cmdline_show", "sl:1", "tick:210", "mode:c", { { 0, "" } } }
{ "cmdline_show", "sl:1", "tick:213", "mode:c", { { 0, "h" } } }
{ "cmdline_show", "sl:1", "tick:215", "mode:c", { { 0, "h " } } }
{ "cmdline_show", "sl:1", "tick:217", "mode:c", { { 0, "h l" } } }
{ "cmdline_show", "sl:1", "tick:219", "mode:c", { { 0, "h la" } } }
{ "cmdline_show", "sl:1", "tick:221", "mode:c", { { 0, "h laz" } } }
{ "cmdline_show", "sl:1", "tick:223", "mode:c", { { 0, "h lazyvim" } } }
{ "cmdline_show", "sl:1", "tick:225", "mode:c", { { 0, "h 'lazyredraw'" } } }
{ "cmdline_show", "sl:1", "tick:227", "mode:c", { { 0, "h lazy.nvim.txt" } } }
{ "cmdline_hide", "sl:1", "tick:229", false, 1 }
{ "msg_showcmd", "sl:1", "tick:230", false, { { 0, "zz", 0 } } }
{ "msg_showcmd", "sl:1", "tick:232", false, { { 0, "zz", 0 } } }
{ "msg_showcmd", "sl:1", "tick:234", false, { { 0, "zz", 0 } } }
{ "msg_showcmd", "sl:1", "tick:236", false, { { 0, "zz", 0 } } }
{ "msg_showcmd", "sl:1", "tick:238", false, { { 0, "zz", 0 } } }
{ "msg_showcmd", "sl:1", "tick:240", false, { { 0, "zz", 0 } } }
{ "msg_showcmd", "sl:1", "tick:242", false, { { 0, "zz", 0 } } }
{ "msg_showcmd", "sl:1", "tick:244", false, { { 0, "zz", 0 } } }
{ "msg_showcmd", "sl:1", "tick:246", false, { { 0, "zz", 0 } } }
{ "msg_showcmd", "sl:1", "tick:248", false, { { 0, "zz", 0 } } }
{ "msg_showcmd", "sl:1", "tick:250", false, { { 0, "zz", 0 } } }
{ "msg_showcmd", "sl:1", "tick:252", false, { { 0, "zz", 0 } } }
{ "msg_showcmd", "sl:1", "tick:254", false, { { 0, "zz", 0 } } }
{ "msg_showcmd", "sl:1", "tick:256", false, { { 0, "zz", 0 } } }
{ "msg_showcmd", "sl:1", "tick:258", false, { { 0, "zz", 0 } } }
{ "msg_showcmd", "sl:1", "tick:260", false, { { 0, "zz", 0 } } }
{ "msg_showcmd", "sl:1", "tick:262", false, { { 0, "zz", 0 } } }
{ "msg_showcmd", "sl:1", "tick:264", false, { { 0, "zz", 0 } } }
{ "msg_showcmd", "sl:1", "tick:266", false, { { 0, "zz", 0 } } }
{ "msg_showcmd", "sl:1", "tick:268", false, { { 0, "zz", 0 } } }
{ "msg_showcmd", "sl:1", "tick:270", false, { { 0, "^Wj", 0 } } }
{ "msg_showcmd", "sl:1", "tick:272", false, { { 0, ":", 0 } } }
{ "cmdline_show", "sl:1", "tick:273", "mode:c", { { 0, "" } } }
{ "cmdline_show", "sl:1", "tick:276", "mode:c", { { 0, "q" } } }
{ "cmdline_hide", "sl:1", "tick:278", false, 1 }
{ "msg_showcmd", "sl:1", "tick:279", false, { { 0, ":", 0 } } }
{ "cmdline_show", "sl:1", "tick:280", "mode:c", { { 0, "" } } }
{ "cmdline_show", "sl:1", "tick:283", "mode:c", { { 0, "w" } } }
{ "cmdline_show", "sl:1", "tick:285", "mode:c", { { 0, "wq" } } }
{ "cmdline_hide", "sl:1", "tick:287", false, 1 }
